<?xml version="1.0" encoding="UTF-8"?>
<!-- Generated by org.testng.reporters.JUnitXMLReporter -->
<testsuite ignored="0" hostname="Rai" failures="0" tests="9" name="Test" time="13.079" errors="0" timestamp="17 Mar 2022 17:59:44 GMT">
  <testcase classname="Org.testing.testscript.TC1_PostRequest" name="Testcase1" time="2.185"/>
  <testcase classname="Org.testing.testscript.TC2_GetRequest" name="Testcase2" time="0.124"/>
  <testcase classname="Org.testing.testscript.TC3_GetAll" name="Testcase3" time="0.064"/>
  <testcase classname="Org.testing.testscript.TC4_Putrequest" name="Testcase4" time="0.07"/>
  <testcase classname="Org.testing.testscript.TC5_DeleteRequest" name="Testcase5" time="0.074"/>
  <testcase classname="Org.testing.testscript.TC6_GetEmployeeData" name="Testcase6" time="6.729"/>
  <testcase classname="Org.testing.testscript.TC7_PostEmployeeRecords" name="Testcase7" time="1.354"/>
  <testcase classname="Org.testing.testscript.TC8_GetAllid" name="Testcase8" time="1.3"/>
  <testcase classname="Org.testing.testscript.TC9_Get_a_Record" name="Testcase9" time="1.12"/>
</testsuite> <!-- Test -->
